<html>
<head>
<title>TestNG:  Customers</title>
<link href="../testng.css" rel="stylesheet" type="text/css" />
<link href="../my-testng.css" rel="stylesheet" type="text/css" />

<style type="text/css">
.log { display: none;} 
.stack-trace { display: none;} 
</style>
<script type="text/javascript">
<!--
function flip(e) {
  current = e.style.display;
  if (current == 'block') {
    e.style.display = 'none';
    return 0;
  }
  else {
    e.style.display = 'block';
    return 1;
  }
}

function toggleBox(szDivId, elem, msg1, msg2)
{
  var res = -1;  if (document.getElementById) {
    res = flip(document.getElementById(szDivId));
  }
  else if (document.all) {
    // this is the way old msie versions work
    res = flip(document.all[szDivId]);
  }
  if(elem) {
    if(res == 0) elem.innerHTML = msg1; else elem.innerHTML = msg2;
  }

}

function toggleAllBoxes() {
  if (document.getElementsByTagName) {
    d = document.getElementsByTagName('div');
    for (i = 0; i < d.length; i++) {
      if (d[i].className == 'log') {
        flip(d[i]);
      }
    }
  }
}

// -->
</script>

</head>
<body>
<h2 align='center'>Customers</h2><table border='1' align="center">
<tr>
<td>Tests passed/Failed/Skipped:</td><td>0/0/6</td>
</tr><tr>
<td>Started on:</td><td>Thu Apr 11 15:09:16 CEST 2019</td>
</tr>
<tr><td>Total time:</td><td>0 seconds (52 ms)</td>
</tr><tr>
<td>Included groups:</td><td></td>
</tr><tr>
<td>Excluded groups:</td><td></td>
</tr>
</table><p/>
<small><i>(Hover the method name to see the test class name)</i></small><p/>
<table width='100%' border='1' class='invocation-failed'>
<tr><td colspan='4' align='center'><b>FAILED CONFIGURATIONS</b></td></tr>
<tr><td><b>Test method</b></td>
<td width="30%"><b>Exception</b></td>
<td width="10%"><b>Time (seconds)</b></td>
<td><b>Instance</b></td>
</tr>
<tr>
<td title='com.opencellsoft.testng.tests.customers.TestCustomerAccount.beforeSuite()'><b>beforeSuite</b><br>Test class: com.opencellsoft.testng.tests.customers.TestCustomerAccount</td>
<td><div><pre>org.testng.TestNGException: 
Parameter &apos;language&apos; is required by BeforeSuite on method beforeSuite but has not been marked @Optional or defined
in C:\Users\ADMIN\eclipse-workspace\testng-auto\testng.customers.xml
... Removed 17 stack frames</pre></div><a href='#' onClick='toggleBox("stack-trace1966670937", this, "Click to show all stack frames", "Click to hide stack frames")'>Click to show all stack frames</a>
<div class='stack-trace' id='stack-trace1966670937'><pre>org.testng.TestNGException: 
Parameter &apos;language&apos; is required by BeforeSuite on method beforeSuite but has not been marked @Optional or defined
in C:\Users\ADMIN\eclipse-workspace\testng-auto\testng.customers.xml
	at org.testng.internal.Parameters.createParameters(Parameters.java:199)
	at org.testng.internal.Parameters.createParameters(Parameters.java:443)
	at org.testng.internal.Parameters.createConfigurationParameters(Parameters.java:118)
	at org.testng.internal.Invoker.invokeConfigurations(Invoker.java:203)
	at org.testng.internal.Invoker.invokeConfigurations(Invoker.java:144)
	at org.testng.SuiteRunner.privateRun(SuiteRunner.java:326)
	at org.testng.SuiteRunner.run(SuiteRunner.java:289)
	at org.testng.SuiteRunnerWorker.runSuite(SuiteRunnerWorker.java:52)
	at org.testng.SuiteRunnerWorker.run(SuiteRunnerWorker.java:86)
	at org.testng.TestNG.runSuitesSequentially(TestNG.java:1293)
	at org.testng.TestNG.runSuitesSequentially(TestNG.java:1289)
	at org.testng.TestNG.runSuitesLocally(TestNG.java:1218)
	at org.testng.TestNG.runSuites(TestNG.java:1133)
	at org.testng.TestNG.run(TestNG.java:1104)
	at org.testng.remote.AbstractRemoteTestNG.run(AbstractRemoteTestNG.java:114)
	at org.testng.remote.RemoteTestNG.initAndRun(RemoteTestNG.java:251)
	at org.testng.remote.RemoteTestNG.main(RemoteTestNG.java:77)
</pre></div></td>
<td>0</td>
<td>null</td></tr>
</table><p>
<table width='100%' border='1' class='invocation-skipped'>
<tr><td colspan='4' align='center'><b>SKIPPED CONFIGURATIONS</b></td></tr>
<tr><td><b>Test method</b></td>
<td width="30%"><b>Exception</b></td>
<td width="10%"><b>Time (seconds)</b></td>
<td><b>Instance</b></td>
</tr>
<tr>
<td title='com.opencellsoft.testng.tests.customers.TestCustomerAccount.beforeTest()'><b>beforeTest</b><br>Test class: com.opencellsoft.testng.tests.customers.TestCustomerAccount</td>
<td></td>
<td>0</td>
<td>null</td></tr>
<tr>
<td title='com.opencellsoft.testng.tests.customers.TestCustomerAccount.beforeMethod()'><b>beforeMethod</b><br>Test class: com.opencellsoft.testng.tests.customers.TestCustomerAccount</td>
<td></td>
<td>0</td>
<td>com.opencellsoft.testng.tests.customers.TestCustomerAccount@38145825</td></tr>
<tr>
<td title='com.opencellsoft.testng.tests.customers.TestBillingAccount.beforeMethod()'><b>beforeMethod</b><br>Test class: com.opencellsoft.testng.tests.customers.TestBillingAccount</td>
<td></td>
<td>0</td>
<td>com.opencellsoft.testng.tests.customers.TestBillingAccount@41330d4f</td></tr>
<tr>
<td title='com.opencellsoft.testng.tests.customers.TestUserAccount.beforeMethod()'><b>beforeMethod</b><br>Test class: com.opencellsoft.testng.tests.customers.TestUserAccount</td>
<td></td>
<td>0</td>
<td>com.opencellsoft.testng.tests.customers.TestUserAccount@1b66c0fb</td></tr>
<tr>
<td title='com.opencellsoft.testng.tests.customers.TestSubscription.beforeMethod()'><b>beforeMethod</b><br>Test class: com.opencellsoft.testng.tests.customers.TestSubscription</td>
<td></td>
<td>0</td>
<td>com.opencellsoft.testng.tests.customers.TestSubscription@3e0e1046</td></tr>
<tr>
<td title='com.opencellsoft.testng.tests.customers.TestAccessPoint.beforeMethod()'><b>beforeMethod</b><br>Test class: com.opencellsoft.testng.tests.customers.TestAccessPoint</td>
<td></td>
<td>0</td>
<td>com.opencellsoft.testng.tests.customers.TestAccessPoint@24c1b2d2</td></tr>
<tr>
<td title='com.opencellsoft.testng.tests.customers.TestBusinessAccountModel.beforeMethod()'><b>beforeMethod</b><br>Test class: com.opencellsoft.testng.tests.customers.TestBusinessAccountModel</td>
<td></td>
<td>0</td>
<td>com.opencellsoft.testng.tests.customers.TestBusinessAccountModel@7dc19a70</td></tr>
<tr>
<td title='com.opencellsoft.testng.tests.customers.TestCustomerAccount.afterMethod()'><b>afterMethod</b><br>Test class: com.opencellsoft.testng.tests.customers.TestCustomerAccount</td>
<td></td>
<td>0</td>
<td>com.opencellsoft.testng.tests.customers.TestCustomerAccount@38145825</td></tr>
<tr>
<td title='com.opencellsoft.testng.tests.customers.TestBillingAccount.afterMethod()'><b>afterMethod</b><br>Test class: com.opencellsoft.testng.tests.customers.TestBillingAccount</td>
<td></td>
<td>0</td>
<td>com.opencellsoft.testng.tests.customers.TestBillingAccount@41330d4f</td></tr>
<tr>
<td title='com.opencellsoft.testng.tests.customers.TestUserAccount.afterMethod()'><b>afterMethod</b><br>Test class: com.opencellsoft.testng.tests.customers.TestUserAccount</td>
<td></td>
<td>0</td>
<td>com.opencellsoft.testng.tests.customers.TestUserAccount@1b66c0fb</td></tr>
<tr>
<td title='com.opencellsoft.testng.tests.customers.TestSubscription.afterMethod()'><b>afterMethod</b><br>Test class: com.opencellsoft.testng.tests.customers.TestSubscription</td>
<td></td>
<td>0</td>
<td>com.opencellsoft.testng.tests.customers.TestSubscription@3e0e1046</td></tr>
<tr>
<td title='com.opencellsoft.testng.tests.customers.TestAccessPoint.afterMethod()'><b>afterMethod</b><br>Test class: com.opencellsoft.testng.tests.customers.TestAccessPoint</td>
<td></td>
<td>0</td>
<td>com.opencellsoft.testng.tests.customers.TestAccessPoint@24c1b2d2</td></tr>
<tr>
<td title='com.opencellsoft.testng.tests.customers.TestBusinessAccountModel.afterMethod()'><b>afterMethod</b><br>Test class: com.opencellsoft.testng.tests.customers.TestBusinessAccountModel</td>
<td></td>
<td>0</td>
<td>com.opencellsoft.testng.tests.customers.TestBusinessAccountModel@7dc19a70</td></tr>
<tr>
<td title='com.opencellsoft.testng.tests.customers.TestCustomerAccount.afterTest()'><b>afterTest</b><br>Test class: com.opencellsoft.testng.tests.customers.TestCustomerAccount</td>
<td></td>
<td>0</td>
<td>null</td></tr>
</table><p>
<table width='100%' border='1' class='invocation-skipped'>
<tr><td colspan='4' align='center'><b>SKIPPED TESTS</b></td></tr>
<tr><td><b>Test method</b></td>
<td width="30%"><b>Exception</b></td>
<td width="10%"><b>Time (seconds)</b></td>
<td><b>Instance</b></td>
</tr>
<tr>
<td title='com.opencellsoft.testng.tests.customers.TestAccessPoint.createAccessPoint()'><b>createAccessPoint</b><br>Test class: com.opencellsoft.testng.tests.customers.TestAccessPoint</td>
<td><div><pre>org.testng.TestNGException: 
Parameter &apos;language&apos; is required by BeforeSuite on method beforeSuite but has not been marked @Optional or defined
in C:\Users\ADMIN\eclipse-workspace\testng-auto\testng.customers.xml
... Removed 17 stack frames</pre></div><a href='#' onClick='toggleBox("stack-trace544966217", this, "Click to show all stack frames", "Click to hide stack frames")'>Click to show all stack frames</a>
<div class='stack-trace' id='stack-trace544966217'><pre>org.testng.TestNGException: 
Parameter &apos;language&apos; is required by BeforeSuite on method beforeSuite but has not been marked @Optional or defined
in C:\Users\ADMIN\eclipse-workspace\testng-auto\testng.customers.xml
	at org.testng.internal.Parameters.createParameters(Parameters.java:199)
	at org.testng.internal.Parameters.createParameters(Parameters.java:443)
	at org.testng.internal.Parameters.createConfigurationParameters(Parameters.java:118)
	at org.testng.internal.Invoker.invokeConfigurations(Invoker.java:203)
	at org.testng.internal.Invoker.invokeConfigurations(Invoker.java:144)
	at org.testng.SuiteRunner.privateRun(SuiteRunner.java:326)
	at org.testng.SuiteRunner.run(SuiteRunner.java:289)
	at org.testng.SuiteRunnerWorker.runSuite(SuiteRunnerWorker.java:52)
	at org.testng.SuiteRunnerWorker.run(SuiteRunnerWorker.java:86)
	at org.testng.TestNG.runSuitesSequentially(TestNG.java:1293)
	at org.testng.TestNG.runSuitesSequentially(TestNG.java:1289)
	at org.testng.TestNG.runSuitesLocally(TestNG.java:1218)
	at org.testng.TestNG.runSuites(TestNG.java:1133)
	at org.testng.TestNG.run(TestNG.java:1104)
	at org.testng.remote.AbstractRemoteTestNG.run(AbstractRemoteTestNG.java:114)
	at org.testng.remote.RemoteTestNG.initAndRun(RemoteTestNG.java:251)
	at org.testng.remote.RemoteTestNG.main(RemoteTestNG.java:77)
</pre></div></td>
<td>0</td>
<td>com.opencellsoft.testng.tests.customers.TestAccessPoint@24c1b2d2</td></tr>
<tr>
<td title='com.opencellsoft.testng.tests.customers.TestBillingAccount.createBA()'><b>createBA</b><br>Test class: com.opencellsoft.testng.tests.customers.TestBillingAccount</td>
<td><div><pre>org.testng.TestNGException: 
Parameter &apos;language&apos; is required by BeforeSuite on method beforeSuite but has not been marked @Optional or defined
in C:\Users\ADMIN\eclipse-workspace\testng-auto\testng.customers.xml
... Removed 17 stack frames</pre></div><a href='#' onClick='toggleBox("stack-trace1732663543", this, "Click to show all stack frames", "Click to hide stack frames")'>Click to show all stack frames</a>
<div class='stack-trace' id='stack-trace1732663543'><pre>org.testng.TestNGException: 
Parameter &apos;language&apos; is required by BeforeSuite on method beforeSuite but has not been marked @Optional or defined
in C:\Users\ADMIN\eclipse-workspace\testng-auto\testng.customers.xml
	at org.testng.internal.Parameters.createParameters(Parameters.java:199)
	at org.testng.internal.Parameters.createParameters(Parameters.java:443)
	at org.testng.internal.Parameters.createConfigurationParameters(Parameters.java:118)
	at org.testng.internal.Invoker.invokeConfigurations(Invoker.java:203)
	at org.testng.internal.Invoker.invokeConfigurations(Invoker.java:144)
	at org.testng.SuiteRunner.privateRun(SuiteRunner.java:326)
	at org.testng.SuiteRunner.run(SuiteRunner.java:289)
	at org.testng.SuiteRunnerWorker.runSuite(SuiteRunnerWorker.java:52)
	at org.testng.SuiteRunnerWorker.run(SuiteRunnerWorker.java:86)
	at org.testng.TestNG.runSuitesSequentially(TestNG.java:1293)
	at org.testng.TestNG.runSuitesSequentially(TestNG.java:1289)
	at org.testng.TestNG.runSuitesLocally(TestNG.java:1218)
	at org.testng.TestNG.runSuites(TestNG.java:1133)
	at org.testng.TestNG.run(TestNG.java:1104)
	at org.testng.remote.AbstractRemoteTestNG.run(AbstractRemoteTestNG.java:114)
	at org.testng.remote.RemoteTestNG.initAndRun(RemoteTestNG.java:251)
	at org.testng.remote.RemoteTestNG.main(RemoteTestNG.java:77)
</pre></div></td>
<td>0</td>
<td>com.opencellsoft.testng.tests.customers.TestBillingAccount@41330d4f</td></tr>
<tr>
<td title='com.opencellsoft.testng.tests.customers.TestBusinessAccountModel.createBusinessAccountModel()'><b>createBusinessAccountModel</b><br>Test class: com.opencellsoft.testng.tests.customers.TestBusinessAccountModel</td>
<td><div><pre>org.testng.TestNGException: 
Parameter &apos;language&apos; is required by BeforeSuite on method beforeSuite but has not been marked @Optional or defined
in C:\Users\ADMIN\eclipse-workspace\testng-auto\testng.customers.xml
... Removed 17 stack frames</pre></div><a href='#' onClick='toggleBox("stack-trace727197178", this, "Click to show all stack frames", "Click to hide stack frames")'>Click to show all stack frames</a>
<div class='stack-trace' id='stack-trace727197178'><pre>org.testng.TestNGException: 
Parameter &apos;language&apos; is required by BeforeSuite on method beforeSuite but has not been marked @Optional or defined
in C:\Users\ADMIN\eclipse-workspace\testng-auto\testng.customers.xml
	at org.testng.internal.Parameters.createParameters(Parameters.java:199)
	at org.testng.internal.Parameters.createParameters(Parameters.java:443)
	at org.testng.internal.Parameters.createConfigurationParameters(Parameters.java:118)
	at org.testng.internal.Invoker.invokeConfigurations(Invoker.java:203)
	at org.testng.internal.Invoker.invokeConfigurations(Invoker.java:144)
	at org.testng.SuiteRunner.privateRun(SuiteRunner.java:326)
	at org.testng.SuiteRunner.run(SuiteRunner.java:289)
	at org.testng.SuiteRunnerWorker.runSuite(SuiteRunnerWorker.java:52)
	at org.testng.SuiteRunnerWorker.run(SuiteRunnerWorker.java:86)
	at org.testng.TestNG.runSuitesSequentially(TestNG.java:1293)
	at org.testng.TestNG.runSuitesSequentially(TestNG.java:1289)
	at org.testng.TestNG.runSuitesLocally(TestNG.java:1218)
	at org.testng.TestNG.runSuites(TestNG.java:1133)
	at org.testng.TestNG.run(TestNG.java:1104)
	at org.testng.remote.AbstractRemoteTestNG.run(AbstractRemoteTestNG.java:114)
	at org.testng.remote.RemoteTestNG.initAndRun(RemoteTestNG.java:251)
	at org.testng.remote.RemoteTestNG.main(RemoteTestNG.java:77)
</pre></div></td>
<td>0</td>
<td>com.opencellsoft.testng.tests.customers.TestBusinessAccountModel@7dc19a70</td></tr>
<tr>
<td title='com.opencellsoft.testng.tests.customers.TestCustomerAccount.createCustomers()'><b>createCustomers</b><br>Test class: com.opencellsoft.testng.tests.customers.TestCustomerAccount</td>
<td><div><pre>org.testng.TestNGException: 
Parameter &apos;language&apos; is required by BeforeSuite on method beforeSuite but has not been marked @Optional or defined
in C:\Users\ADMIN\eclipse-workspace\testng-auto\testng.customers.xml
... Removed 17 stack frames</pre></div><a href='#' onClick='toggleBox("stack-trace376725601", this, "Click to show all stack frames", "Click to hide stack frames")'>Click to show all stack frames</a>
<div class='stack-trace' id='stack-trace376725601'><pre>org.testng.TestNGException: 
Parameter &apos;language&apos; is required by BeforeSuite on method beforeSuite but has not been marked @Optional or defined
in C:\Users\ADMIN\eclipse-workspace\testng-auto\testng.customers.xml
	at org.testng.internal.Parameters.createParameters(Parameters.java:199)
	at org.testng.internal.Parameters.createParameters(Parameters.java:443)
	at org.testng.internal.Parameters.createConfigurationParameters(Parameters.java:118)
	at org.testng.internal.Invoker.invokeConfigurations(Invoker.java:203)
	at org.testng.internal.Invoker.invokeConfigurations(Invoker.java:144)
	at org.testng.SuiteRunner.privateRun(SuiteRunner.java:326)
	at org.testng.SuiteRunner.run(SuiteRunner.java:289)
	at org.testng.SuiteRunnerWorker.runSuite(SuiteRunnerWorker.java:52)
	at org.testng.SuiteRunnerWorker.run(SuiteRunnerWorker.java:86)
	at org.testng.TestNG.runSuitesSequentially(TestNG.java:1293)
	at org.testng.TestNG.runSuitesSequentially(TestNG.java:1289)
	at org.testng.TestNG.runSuitesLocally(TestNG.java:1218)
	at org.testng.TestNG.runSuites(TestNG.java:1133)
	at org.testng.TestNG.run(TestNG.java:1104)
	at org.testng.remote.AbstractRemoteTestNG.run(AbstractRemoteTestNG.java:114)
	at org.testng.remote.RemoteTestNG.initAndRun(RemoteTestNG.java:251)
	at org.testng.remote.RemoteTestNG.main(RemoteTestNG.java:77)
</pre></div></td>
<td>0</td>
<td>com.opencellsoft.testng.tests.customers.TestCustomerAccount@38145825</td></tr>
<tr>
<td title='com.opencellsoft.testng.tests.customers.TestSubscription.createSubscription()'><b>createSubscription</b><br>Test class: com.opencellsoft.testng.tests.customers.TestSubscription</td>
<td><div><pre>org.testng.TestNGException: 
Parameter &apos;language&apos; is required by BeforeSuite on method beforeSuite but has not been marked @Optional or defined
in C:\Users\ADMIN\eclipse-workspace\testng-auto\testng.customers.xml
... Removed 17 stack frames</pre></div><a href='#' onClick='toggleBox("stack-trace547923534", this, "Click to show all stack frames", "Click to hide stack frames")'>Click to show all stack frames</a>
<div class='stack-trace' id='stack-trace547923534'><pre>org.testng.TestNGException: 
Parameter &apos;language&apos; is required by BeforeSuite on method beforeSuite but has not been marked @Optional or defined
in C:\Users\ADMIN\eclipse-workspace\testng-auto\testng.customers.xml
	at org.testng.internal.Parameters.createParameters(Parameters.java:199)
	at org.testng.internal.Parameters.createParameters(Parameters.java:443)
	at org.testng.internal.Parameters.createConfigurationParameters(Parameters.java:118)
	at org.testng.internal.Invoker.invokeConfigurations(Invoker.java:203)
	at org.testng.internal.Invoker.invokeConfigurations(Invoker.java:144)
	at org.testng.SuiteRunner.privateRun(SuiteRunner.java:326)
	at org.testng.SuiteRunner.run(SuiteRunner.java:289)
	at org.testng.SuiteRunnerWorker.runSuite(SuiteRunnerWorker.java:52)
	at org.testng.SuiteRunnerWorker.run(SuiteRunnerWorker.java:86)
	at org.testng.TestNG.runSuitesSequentially(TestNG.java:1293)
	at org.testng.TestNG.runSuitesSequentially(TestNG.java:1289)
	at org.testng.TestNG.runSuitesLocally(TestNG.java:1218)
	at org.testng.TestNG.runSuites(TestNG.java:1133)
	at org.testng.TestNG.run(TestNG.java:1104)
	at org.testng.remote.AbstractRemoteTestNG.run(AbstractRemoteTestNG.java:114)
	at org.testng.remote.RemoteTestNG.initAndRun(RemoteTestNG.java:251)
	at org.testng.remote.RemoteTestNG.main(RemoteTestNG.java:77)
</pre></div></td>
<td>0</td>
<td>com.opencellsoft.testng.tests.customers.TestSubscription@3e0e1046</td></tr>
<tr>
<td title='com.opencellsoft.testng.tests.customers.TestUserAccount.createUA()'><b>createUA</b><br>Test class: com.opencellsoft.testng.tests.customers.TestUserAccount</td>
<td><div><pre>org.testng.TestNGException: 
Parameter &apos;language&apos; is required by BeforeSuite on method beforeSuite but has not been marked @Optional or defined
in C:\Users\ADMIN\eclipse-workspace\testng-auto\testng.customers.xml
... Removed 17 stack frames</pre></div><a href='#' onClick='toggleBox("stack-trace1930837320", this, "Click to show all stack frames", "Click to hide stack frames")'>Click to show all stack frames</a>
<div class='stack-trace' id='stack-trace1930837320'><pre>org.testng.TestNGException: 
Parameter &apos;language&apos; is required by BeforeSuite on method beforeSuite but has not been marked @Optional or defined
in C:\Users\ADMIN\eclipse-workspace\testng-auto\testng.customers.xml
	at org.testng.internal.Parameters.createParameters(Parameters.java:199)
	at org.testng.internal.Parameters.createParameters(Parameters.java:443)
	at org.testng.internal.Parameters.createConfigurationParameters(Parameters.java:118)
	at org.testng.internal.Invoker.invokeConfigurations(Invoker.java:203)
	at org.testng.internal.Invoker.invokeConfigurations(Invoker.java:144)
	at org.testng.SuiteRunner.privateRun(SuiteRunner.java:326)
	at org.testng.SuiteRunner.run(SuiteRunner.java:289)
	at org.testng.SuiteRunnerWorker.runSuite(SuiteRunnerWorker.java:52)
	at org.testng.SuiteRunnerWorker.run(SuiteRunnerWorker.java:86)
	at org.testng.TestNG.runSuitesSequentially(TestNG.java:1293)
	at org.testng.TestNG.runSuitesSequentially(TestNG.java:1289)
	at org.testng.TestNG.runSuitesLocally(TestNG.java:1218)
	at org.testng.TestNG.runSuites(TestNG.java:1133)
	at org.testng.TestNG.run(TestNG.java:1104)
	at org.testng.remote.AbstractRemoteTestNG.run(AbstractRemoteTestNG.java:114)
	at org.testng.remote.RemoteTestNG.initAndRun(RemoteTestNG.java:251)
	at org.testng.remote.RemoteTestNG.main(RemoteTestNG.java:77)
</pre></div></td>
<td>0</td>
<td>com.opencellsoft.testng.tests.customers.TestUserAccount@1b66c0fb</td></tr>
</table><p>
</body>
</html>