<html>
<head>
<title>TestNG:  Configuration</title>
<link href="../testng.css" rel="stylesheet" type="text/css" />
<link href="../my-testng.css" rel="stylesheet" type="text/css" />

<style type="text/css">
.log { display: none;} 
.stack-trace { display: none;} 
</style>
<script type="text/javascript">
<!--
function flip(e) {
  current = e.style.display;
  if (current == 'block') {
    e.style.display = 'none';
    return 0;
  }
  else {
    e.style.display = 'block';
    return 1;
  }
}

function toggleBox(szDivId, elem, msg1, msg2)
{
  var res = -1;  if (document.getElementById) {
    res = flip(document.getElementById(szDivId));
  }
  else if (document.all) {
    // this is the way old msie versions work
    res = flip(document.all[szDivId]);
  }
  if(elem) {
    if(res == 0) elem.innerHTML = msg1; else elem.innerHTML = msg2;
  }

}

function toggleAllBoxes() {
  if (document.getElementsByTagName) {
    d = document.getElementsByTagName('div');
    for (i = 0; i < d.length; i++) {
      if (d[i].className == 'log') {
        flip(d[i]);
      }
    }
  }
}

// -->
</script>

</head>
<body>
<h2 align='center'>Configuration</h2><table border='1' align="center">
<tr>
<td>Tests passed/Failed/Skipped:</td><td>20/1/0</td>
</tr><tr>
<td>Started on:</td><td>Mon Dec 23 11:58:43 CET 2019</td>
</tr>
<tr><td>Total time:</td><td>243 seconds (243581 ms)</td>
</tr><tr>
<td>Included groups:</td><td></td>
</tr><tr>
<td>Excluded groups:</td><td></td>
</tr>
</table><p/>
<small><i>(Hover the method name to see the test class name)</i></small><p/>
<table width='100%' border='1' class='invocation-failed'>
<tr><td colspan='4' align='center'><b>FAILED TESTS</b></td></tr>
<tr><td><b>Test method</b></td>
<td width="30%"><b>Exception</b></td>
<td width="10%"><b>Time (seconds)</b></td>
<td><b>Instance</b></td>
</tr>
<tr>
<td title='com.opencellsoft.testng.tests.configuration.TestChannels.createChannel()'><b>createChannel</b><br>Test class: com.opencellsoft.testng.tests.configuration.TestChannels</td>
<td><div><pre>org.openqa.selenium.TimeoutException: Expected condition failed: waiting for com.opencellsoft.testng.pages.BasePage$1@673e1cf2 (tried for 20 second(s) with 500 milliseconds interval)
	at org.openqa.selenium.support.ui.WebDriverWait.timeoutException(WebDriverWait.java:95)
	at org.openqa.selenium.support.ui.FluentWait.until(FluentWait.java:272)
	at com.opencellsoft.testng.pages.BasePage.waitUntilElementDisplayed(BasePage.java:121)
	at com.opencellsoft.testng.pages.configuration.ChannelsPage.fillForm(ChannelsPage.java:96)
	at com.opencellsoft.testng.tests.configuration.TestChannels.createChannel(TestChannels.java:52)
Caused by: org.openqa.selenium.NoSuchElementException: Unable to locate element: #formId\:description
For documentation on this error, please visit: https://www.seleniumhq.org/exceptions/no_such_element.html
Build info: version: &apos;3.141.59&apos;, revision: &apos;e82be7d358&apos;, time: &apos;2018-11-14T08:17:03&apos;
System info: host: &apos;DESKTOP-JRO2HF0&apos;, ip: &apos;192.168.0.103&apos;, os.name: &apos;Windows 10&apos;, os.arch: &apos;amd64&apos;, os.version: &apos;10.0&apos;, java.version: &apos;1.8.0_181&apos;
Driver info: org.openqa.selenium.firefox.FirefoxDriver
Capabilities {acceptInsecureCerts: true, browserName: firefox, browserVersion: 71.0, javascriptEnabled: true, moz:accessibilityChecks: false, moz:buildID: 20191202093317, moz:geckodriverVersion: 0.24.0, moz:headless: false, moz:processID: 4784, moz:profile: C:\Users\Pc\AppData\Local\T..., moz:shutdownTimeout: 60000, moz:useNonSpecCompliantPointerOrigin: false, moz:webdriverClick: true, pageLoadStrategy: normal, platform: WINDOWS, platformName: WINDOWS, platformVersion: 10.0, rotatable: false, setWindowRect: true, strictFileInteractability: false, timeouts: {implicit: 0, pageLoad: 300000, script: 30000}, unhandledPromptBehavior: dismiss and notify}
Session ID: 11f8d034-f93e-4daa-807c-255f5e560ecf
*** Element info: {Using=id, value=formId:description}
	at org.openqa.selenium.remote.http.W3CHttpResponseCodec.createException(W3CHttpResponseCodec.java:187)
	at org.openqa.selenium.remote.http.W3CHttpResponseCodec.decode(W3CHttpResponseCodec.java:122)
	at org.openqa.selenium.remote.http.W3CHttpResponseCodec.decode(W3CHttpResponseCodec.java:49)
	at org.openqa.selenium.remote.HttpCommandExecutor.execute(HttpCommandExecutor.java:158)
	at org.openqa.selenium.remote.service.DriverCommandExecutor.execute(DriverCommandExecutor.java:83)
	at org.openqa.selenium.remote.RemoteWebDriver.execute(RemoteWebDriver.java:552)
	at org.openqa.selenium.remote.RemoteWebDriver.findElement(RemoteWebDriver.java:323)
	at org.openqa.selenium.remote.RemoteWebDriver.findElementById(RemoteWebDriver.java:372)
	at org.openqa.selenium.By$ById.findElement(By.java:188)
	at org.openqa.selenium.remote.RemoteWebDriver.findElement(RemoteWebDriver.java:315)
	at org.openqa.selenium.support.pagefactory.DefaultElementLocator.findElement(DefaultElementLocator.java:69)
	at org.openqa.selenium.support.pagefactory.internal.LocatingElementHandler.invoke(LocatingElementHandler.java:38)
	at com.sun.proxy.$Proxy14.isDisplayed(Unknown Source)
	at com.opencellsoft.testng.pages.BasePage$1.apply(BasePage.java:111)
	at com.opencellsoft.testng.pages.BasePage$1.apply(BasePage.java:1)
	at org.openqa.selenium.support.ui.FluentWait.until(FluentWait.java:249)
	... 28 more
... Removed 28 stack frames</pre></div><a href='#' onClick='toggleBox("stack-trace782193817", this, "Click to show all stack frames", "Click to hide stack frames")'>Click to show all stack frames</a>
<div class='stack-trace' id='stack-trace782193817'><pre>org.openqa.selenium.TimeoutException: Expected condition failed: waiting for com.opencellsoft.testng.pages.BasePage$1@673e1cf2 (tried for 20 second(s) with 500 milliseconds interval)
	at org.openqa.selenium.support.ui.WebDriverWait.timeoutException(WebDriverWait.java:95)
	at org.openqa.selenium.support.ui.FluentWait.until(FluentWait.java:272)
	at com.opencellsoft.testng.pages.BasePage.waitUntilElementDisplayed(BasePage.java:121)
	at com.opencellsoft.testng.pages.configuration.ChannelsPage.fillForm(ChannelsPage.java:96)
	at com.opencellsoft.testng.tests.configuration.TestChannels.createChannel(TestChannels.java:52)
	at sun.reflect.NativeMethodAccessorImpl.invoke0(Native Method)
	at sun.reflect.NativeMethodAccessorImpl.invoke(NativeMethodAccessorImpl.java:62)
	at sun.reflect.DelegatingMethodAccessorImpl.invoke(DelegatingMethodAccessorImpl.java:43)
	at java.lang.reflect.Method.invoke(Method.java:498)
	at org.testng.internal.MethodInvocationHelper.invokeMethod(MethodInvocationHelper.java:104)
	at org.testng.internal.Invoker.invokeMethod(Invoker.java:645)
	at org.testng.internal.Invoker.invokeTestMethod(Invoker.java:851)
	at org.testng.internal.Invoker.invokeTestMethods(Invoker.java:1177)
	at org.testng.internal.TestMethodWorker.invokeTestMethods(TestMethodWorker.java:129)
	at org.testng.internal.TestMethodWorker.run(TestMethodWorker.java:112)
	at org.testng.TestRunner.privateRun(TestRunner.java:756)
	at org.testng.TestRunner.run(TestRunner.java:610)
	at org.testng.SuiteRunner.runTest(SuiteRunner.java:387)
	at org.testng.SuiteRunner.runSequentially(SuiteRunner.java:382)
	at org.testng.SuiteRunner.privateRun(SuiteRunner.java:340)
	at org.testng.SuiteRunner.run(SuiteRunner.java:289)
	at org.testng.SuiteRunnerWorker.runSuite(SuiteRunnerWorker.java:52)
	at org.testng.SuiteRunnerWorker.run(SuiteRunnerWorker.java:86)
	at org.testng.TestNG.runSuitesSequentially(TestNG.java:1293)
	at org.testng.TestNG.runSuitesLocally(TestNG.java:1218)
	at org.testng.TestNG.runSuites(TestNG.java:1133)
	at org.testng.TestNG.run(TestNG.java:1104)
	at org.testng.remote.AbstractRemoteTestNG.run(AbstractRemoteTestNG.java:132)
	at org.testng.remote.RemoteTestNG.initAndRun(RemoteTestNG.java:230)
	at org.testng.remote.RemoteTestNG.main(RemoteTestNG.java:76)
Caused by: org.openqa.selenium.NoSuchElementException: Unable to locate element: #formId\:description
For documentation on this error, please visit: https://www.seleniumhq.org/exceptions/no_such_element.html
Build info: version: &apos;3.141.59&apos;, revision: &apos;e82be7d358&apos;, time: &apos;2018-11-14T08:17:03&apos;
System info: host: &apos;DESKTOP-JRO2HF0&apos;, ip: &apos;192.168.0.103&apos;, os.name: &apos;Windows 10&apos;, os.arch: &apos;amd64&apos;, os.version: &apos;10.0&apos;, java.version: &apos;1.8.0_181&apos;
Driver info: org.openqa.selenium.firefox.FirefoxDriver
Capabilities {acceptInsecureCerts: true, browserName: firefox, browserVersion: 71.0, javascriptEnabled: true, moz:accessibilityChecks: false, moz:buildID: 20191202093317, moz:geckodriverVersion: 0.24.0, moz:headless: false, moz:processID: 4784, moz:profile: C:\Users\Pc\AppData\Local\T..., moz:shutdownTimeout: 60000, moz:useNonSpecCompliantPointerOrigin: false, moz:webdriverClick: true, pageLoadStrategy: normal, platform: WINDOWS, platformName: WINDOWS, platformVersion: 10.0, rotatable: false, setWindowRect: true, strictFileInteractability: false, timeouts: {implicit: 0, pageLoad: 300000, script: 30000}, unhandledPromptBehavior: dismiss and notify}
Session ID: 11f8d034-f93e-4daa-807c-255f5e560ecf
*** Element info: {Using=id, value=formId:description}
	at sun.reflect.GeneratedConstructorAccessor17.newInstance(Unknown Source)
	at sun.reflect.DelegatingConstructorAccessorImpl.newInstance(DelegatingConstructorAccessorImpl.java:45)
	at java.lang.reflect.Constructor.newInstance(Constructor.java:423)
	at org.openqa.selenium.remote.http.W3CHttpResponseCodec.createException(W3CHttpResponseCodec.java:187)
	at org.openqa.selenium.remote.http.W3CHttpResponseCodec.decode(W3CHttpResponseCodec.java:122)
	at org.openqa.selenium.remote.http.W3CHttpResponseCodec.decode(W3CHttpResponseCodec.java:49)
	at org.openqa.selenium.remote.HttpCommandExecutor.execute(HttpCommandExecutor.java:158)
	at org.openqa.selenium.remote.service.DriverCommandExecutor.execute(DriverCommandExecutor.java:83)
	at org.openqa.selenium.remote.RemoteWebDriver.execute(RemoteWebDriver.java:552)
	at org.openqa.selenium.remote.RemoteWebDriver.findElement(RemoteWebDriver.java:323)
	at org.openqa.selenium.remote.RemoteWebDriver.findElementById(RemoteWebDriver.java:372)
	at org.openqa.selenium.By$ById.findElement(By.java:188)
	at org.openqa.selenium.remote.RemoteWebDriver.findElement(RemoteWebDriver.java:315)
	at org.openqa.selenium.support.pagefactory.DefaultElementLocator.findElement(DefaultElementLocator.java:69)
	at org.openqa.selenium.support.pagefactory.internal.LocatingElementHandler.invoke(LocatingElementHandler.java:38)
	at com.sun.proxy.$Proxy14.isDisplayed(Unknown Source)
	at com.opencellsoft.testng.pages.BasePage$1.apply(BasePage.java:111)
	at com.opencellsoft.testng.pages.BasePage$1.apply(BasePage.java:1)
	at org.openqa.selenium.support.ui.FluentWait.until(FluentWait.java:249)
	... 28 more
</pre></div></td>
<td>22</td>
<td>com.opencellsoft.testng.tests.configuration.TestChannels@76494737</td></tr>
</table><p>
<table width='100%' border='1' class='invocation-passed'>
<tr><td colspan='4' align='center'><b>PASSED TESTS</b></td></tr>
<tr><td><b>Test method</b></td>
<td width="30%"><b>Exception</b></td>
<td width="10%"><b>Time (seconds)</b></td>
<td><b>Instance</b></td>
</tr>
<tr>
<td title='com.opencellsoft.testng.tests.configuration.RolesTest.create()'><b>create</b><br>Test class: com.opencellsoft.testng.tests.configuration.RolesTest</td>
<td></td>
<td>11</td>
<td>com.opencellsoft.testng.tests.configuration.RolesTest@221a3fa4</td></tr>
<tr>
<td title='com.opencellsoft.testng.tests.configuration.TestCurrencies.create()'><b>create</b><br>Test class: com.opencellsoft.testng.tests.configuration.TestCurrencies</td>
<td></td>
<td>4</td>
<td>com.opencellsoft.testng.tests.configuration.TestCurrencies@2b40ff9c</td></tr>
<tr>
<td title='com.opencellsoft.testng.tests.configuration.TestTradingLanguages.create()'><b>create</b><br>Test class: com.opencellsoft.testng.tests.configuration.TestTradingLanguages</td>
<td></td>
<td>4</td>
<td>com.opencellsoft.testng.tests.configuration.TestTradingLanguages@3e08ff24</td></tr>
<tr>
<td title='com.opencellsoft.testng.tests.configuration.TestContact.create()'><b>create</b><br>Test class: com.opencellsoft.testng.tests.configuration.TestContact</td>
<td></td>
<td>8</td>
<td>com.opencellsoft.testng.tests.configuration.TestContact@4d1c005e</td></tr>
<tr>
<td title='com.opencellsoft.testng.tests.configuration.TestUserGroup.create()'><b>create</b><br>Test class: com.opencellsoft.testng.tests.configuration.TestUserGroup</td>
<td></td>
<td>7</td>
<td>com.opencellsoft.testng.tests.configuration.TestUserGroup@8462f31</td></tr>
<tr>
<td title='com.opencellsoft.testng.tests.configuration.TestCreditCategories.create()'><b>create</b><br>Test class: com.opencellsoft.testng.tests.configuration.TestCreditCategories</td>
<td></td>
<td>6</td>
<td>com.opencellsoft.testng.tests.configuration.TestCreditCategories@496bc455</td></tr>
<tr>
<td title='com.opencellsoft.testng.tests.configuration.BillingCyclesTest.create()'><b>create</b><br>Test class: com.opencellsoft.testng.tests.configuration.BillingCyclesTest</td>
<td></td>
<td>13</td>
<td>com.opencellsoft.testng.tests.configuration.BillingCyclesTest@6be968ce</td></tr>
<tr>
<td title='com.opencellsoft.testng.tests.configuration.TerminationReasonsTest.create()'><b>create</b><br>Test class: com.opencellsoft.testng.tests.configuration.TerminationReasonsTest</td>
<td></td>
<td>12</td>
<td>com.opencellsoft.testng.tests.configuration.TerminationReasonsTest@303cf2ba</td></tr>
<tr>
<td title='com.opencellsoft.testng.tests.configuration.TestCustomerCategories.createCustomercat()'><b>createCustomercat</b><br>Test class: com.opencellsoft.testng.tests.configuration.TestCustomerCategories</td>
<td></td>
<td>6</td>
<td>com.opencellsoft.testng.tests.configuration.TestCustomerCategories@70ed52de</td></tr>
<tr>
<td title='com.opencellsoft.testng.tests.configuration.TestCustomersAccountingOperationsTypes.testAccountingOperationsTypes()'><b>testAccountingOperationsTypes</b><br>Test class: com.opencellsoft.testng.tests.configuration.TestCustomersAccountingOperationsTypes</td>
<td></td>
<td>24</td>
<td>com.opencellsoft.testng.tests.configuration.TestCustomersAccountingOperationsTypes@59402b8f</td></tr>
<tr>
<td title='com.opencellsoft.testng.tests.configuration.TestAppConfig.testAppConfigPage()'><b>testAppConfigPage</b><br>Test class: com.opencellsoft.testng.tests.configuration.TestAppConfig</td>
<td></td>
<td>11</td>
<td>com.opencellsoft.testng.tests.configuration.TestAppConfig@7d9d0818</td></tr>
<tr>
<td title='com.opencellsoft.testng.tests.configuration.TestBrands.testBrandsPage()'><b>testBrandsPage</b><br>Test class: com.opencellsoft.testng.tests.configuration.TestBrands</td>
<td></td>
<td>6</td>
<td>com.opencellsoft.testng.tests.configuration.TestBrands@5ddeb7cb</td></tr>
<tr>
<td title='com.opencellsoft.testng.tests.configuration.TestCalendar.testCalendar()'><b>testCalendar</b><br>Test class: com.opencellsoft.testng.tests.configuration.TestCalendar</td>
<td></td>
<td>15</td>
<td>com.opencellsoft.testng.tests.configuration.TestCalendar@7188af83</td></tr>
<tr>
<td title='com.opencellsoft.testng.tests.configuration.TestCustomersTitlesCivilities.testCustomerTitleCivilities()'><b>testCustomerTitleCivilities</b><br>Test class: com.opencellsoft.testng.tests.configuration.TestCustomersTitlesCivilities</td>
<td></td>
<td>10</td>
<td>com.opencellsoft.testng.tests.configuration.TestCustomersTitlesCivilities@24569dba</td></tr>
<tr>
<td title='com.opencellsoft.testng.tests.configuration.TestInvoicecategories.testInvoiceCategoriesPage()'><b>testInvoiceCategoriesPage</b><br>Test class: com.opencellsoft.testng.tests.configuration.TestInvoicecategories</td>
<td></td>
<td>21</td>
<td>com.opencellsoft.testng.tests.configuration.TestInvoicecategories@7c37508a</td></tr>
<tr>
<td title='com.opencellsoft.testng.tests.configuration.TestInvoiceSeq.testInvoiceSeq()'><b>testInvoiceSeq</b><br>Test class: com.opencellsoft.testng.tests.configuration.TestInvoiceSeq</td>
<td></td>
<td>2</td>
<td>com.opencellsoft.testng.tests.configuration.TestInvoiceSeq@1033576a</td></tr>
<tr>
<td title='com.opencellsoft.testng.tests.configuration.TestInvoiceSubCategories.testInvoiceSubCategoriesPage()'><b>testInvoiceSubCategoriesPage</b><br>Test class: com.opencellsoft.testng.tests.configuration.TestInvoiceSubCategories</td>
<td></td>
<td>19</td>
<td>com.opencellsoft.testng.tests.configuration.TestInvoiceSubCategories@247310d0</td></tr>
<tr>
<td title='com.opencellsoft.testng.tests.configuration.TestInvoiceTypes.testInvoiceTypes()'><b>testInvoiceTypes</b><br>Test class: com.opencellsoft.testng.tests.configuration.TestInvoiceTypes</td>
<td></td>
<td>10</td>
<td>com.opencellsoft.testng.tests.configuration.TestInvoiceTypes@451001e5</td></tr>
<tr>
<td title='com.opencellsoft.testng.tests.configuration.TestSellers.testSellerPage()'><b>testSellerPage</b><br>Test class: com.opencellsoft.testng.tests.configuration.TestSellers</td>
<td></td>
<td>12</td>
<td>com.opencellsoft.testng.tests.configuration.TestSellers@4a003cbe</td></tr>
<tr>
<td title='com.opencellsoft.testng.tests.configuration.TestTaxes.testTaxesPage()'><b>testTaxesPage</b><br>Test class: com.opencellsoft.testng.tests.configuration.TestTaxes</td>
<td></td>
<td>9</td>
<td>com.opencellsoft.testng.tests.configuration.TestTaxes@4082ba93</td></tr>
</table><p>
</body>
</html>